ISim log file
Running: /home/ise/Xilinx/DSD_Project/SingleCycle/Test_TopLevel_isim_beh.exe -intstyle ise -gui -tclbatch isim.cmd -wdb /home/ise/Xilinx/DSD_Project/SingleCycle/Test_TopLevel_isim_beh.wdb 
ISim P.20160913 (signature 0xfbc00daa)
----------------------------------------------------------------------
WARNING:Security:42 - Your software subscription period has lapsed. Your current version of Xilinx tools will continue to function, but you no longer qualify for Xilinx software updates or new releases.


----------------------------------------------------------------------
This is a Full version of ISim.
Time resolution is 1 ps
# onerror resume
# wave add /
# run 1000 ns
Simulator is doing circuit initialization process.
at 0 ps, Instance /test_toplevel/uut/Inst_debounce/ : Warning: NUMERIC_STD."=": metavalue detected, returning FALSE
at 0 ps, Instance /test_toplevel/uut/i_arm/Inst_datapath/Inst_Register_File/ : Warning: NUMERIC_STD.TO_INTEGER: metavalue detected, returning 0
at 0 ps, Instance /test_toplevel/uut/i_arm/Inst_datapath/Inst_Register_File/ : Warning: NUMERIC_STD.TO_INTEGER: metavalue detected, returning 0
at 0 ps, Instance /test_toplevel/uut/i_arm/Inst_datapath/Inst_ALU/ : Warning: NUMERIC_STD."=": metavalue detected, returning FALSE
at 0 ps, Instance /test_toplevel/uut/i_imem/ : Warning: NUMERIC_STD.TO_INTEGER: metavalue detected, returning 0
at 0 ps, Instance /test_toplevel/uut/i_dmem/ : Warning: NUMERIC_STD.TO_INTEGER: metavalue detected, returning 0
Finished circuit initialization process.
at 0 ps, Instance /test_toplevel/uut/i_arm/Inst_datapath/Inst_ALU/ : Warning: NUMERIC_STD."=": metavalue detected, returning FALSE
at 0 ps, Instance /test_toplevel/uut/i_arm/Inst_datapath/Inst_Register_File/ : Warning: NUMERIC_STD.TO_INTEGER: metavalue detected, returning 0
at 0 ps, Instance /test_toplevel/uut/i_dmem/ : Warning: NUMERIC_STD.TO_INTEGER: metavalue detected, returning 0
at 0 ps, Instance /test_toplevel/uut/i_arm/Inst_datapath/Inst_ALU/ : Warning: NUMERIC_STD."=": metavalue detected, returning FALSE
at 0 ps, Instance /test_toplevel/uut/i_arm/Inst_datapath/Inst_ALU/ : Warning: NUMERIC_STD."=": metavalue detected, returning FALSE
at 0 ps, Instance /test_toplevel/uut/i_arm/Inst_datapath/Inst_ALU/ : Warning: NUMERIC_STD."=": metavalue detected, returning FALSE
at 0 ps, Instance /test_toplevel/uut/i_dmem/ : Warning: NUMERIC_STD.TO_INTEGER: metavalue detected, returning 0
# restart
# run 1.00us
Simulator is doing circuit initialization process.
at 0 ps, Instance /test_toplevel/uut/Inst_debounce/ : Warning: NUMERIC_STD."=": metavalue detected, returning FALSE
at 0 ps, Instance /test_toplevel/uut/i_arm/Inst_datapath/Inst_Register_File/ : Warning: NUMERIC_STD.TO_INTEGER: metavalue detected, returning 0
at 0 ps, Instance /test_toplevel/uut/i_arm/Inst_datapath/Inst_Register_File/ : Warning: NUMERIC_STD.TO_INTEGER: metavalue detected, returning 0
at 0 ps, Instance /test_toplevel/uut/i_arm/Inst_datapath/Inst_ALU/ : Warning: NUMERIC_STD."=": metavalue detected, returning FALSE
at 0 ps, Instance /test_toplevel/uut/i_imem/ : Warning: NUMERIC_STD.TO_INTEGER: metavalue detected, returning 0
at 0 ps, Instance /test_toplevel/uut/i_dmem/ : Warning: NUMERIC_STD.TO_INTEGER: metavalue detected, returning 0
Finished circuit initialization process.
at 0 ps, Instance /test_toplevel/uut/i_arm/Inst_datapath/Inst_ALU/ : Warning: NUMERIC_STD."=": metavalue detected, returning FALSE
at 0 ps, Instance /test_toplevel/uut/i_arm/Inst_datapath/Inst_Register_File/ : Warning: NUMERIC_STD.TO_INTEGER: metavalue detected, returning 0
at 0 ps, Instance /test_toplevel/uut/i_dmem/ : Warning: NUMERIC_STD.TO_INTEGER: metavalue detected, returning 0
at 0 ps, Instance /test_toplevel/uut/i_arm/Inst_datapath/Inst_ALU/ : Warning: NUMERIC_STD."=": metavalue detected, returning FALSE
at 0 ps, Instance /test_toplevel/uut/i_arm/Inst_datapath/Inst_ALU/ : Warning: NUMERIC_STD."=": metavalue detected, returning FALSE
at 0 ps, Instance /test_toplevel/uut/i_arm/Inst_datapath/Inst_ALU/ : Warning: NUMERIC_STD."=": metavalue detected, returning FALSE
at 0 ps, Instance /test_toplevel/uut/i_dmem/ : Warning: NUMERIC_STD.TO_INTEGER: metavalue detected, returning 0
